c:\github\aalekhm\raytracing\rt_qbray\rt_qbray_ep26 - tilebasedrendering\x64\release\vc142.pdb
c:\github\aalekhm\raytracing\rt_qbray\rt_qbray_ep26 - tilebasedrendering\x64\release\qbcompositebase.obj
c:\github\aalekhm\raytracing\rt_qbray\rt_qbray_ep26 - tilebasedrendering\x64\release\qbbox.obj
c:\github\aalekhm\raytracing\rt_qbray\rt_qbray_ep26 - tilebasedrendering\x64\release\qbtexturenormal.obj
c:\github\aalekhm\raytracing\rt_qbray\rt_qbray_ep26 - tilebasedrendering\x64\release\qbnormalsimplerough.obj
c:\github\aalekhm\raytracing\rt_qbray\rt_qbray_ep26 - tilebasedrendering\x64\release\qbnormalconstant.obj
c:\github\aalekhm\raytracing\rt_qbray\rt_qbray_ep26 - tilebasedrendering\x64\release\qbnormalbase.obj
c:\github\aalekhm\raytracing\rt_qbray\rt_qbray_ep26 - tilebasedrendering\x64\release\qbimagenormal.obj
c:\github\aalekhm\raytracing\rt_qbray\rt_qbray_ep26 - tilebasedrendering\x64\release\qbvaluenoisegenerator.obj
c:\github\aalekhm\raytracing\rt_qbray\rt_qbray_ep26 - tilebasedrendering\x64\release\qbnoisebase.obj
c:\github\aalekhm\raytracing\rt_qbray\rt_qbray_ep26 - tilebasedrendering\x64\release\qbgradientnoisegenerator.obj
c:\github\aalekhm\raytracing\rt_qbray\rt_qbray_ep26 - tilebasedrendering\x64\release\qbsimplerefractive.obj
c:\github\aalekhm\raytracing\rt_qbray\rt_qbray_ep26 - tilebasedrendering\x64\release\qbsimplematerial.obj
c:\github\aalekhm\raytracing\rt_qbray\rt_qbray_ep26 - tilebasedrendering\x64\release\qbmaterialbase.obj
c:\github\aalekhm\raytracing\rt_qbray\rt_qbray_ep26 - tilebasedrendering\x64\release\qbpointlight.obj
c:\github\aalekhm\raytracing\rt_qbray\rt_qbray_ep26 - tilebasedrendering\x64\release\qblightbase.obj
c:\github\aalekhm\raytracing\rt_qbray\rt_qbray_ep26 - tilebasedrendering\x64\release\qbimage.obj
c:\github\aalekhm\raytracing\rt_qbray\rt_qbray_ep26 - tilebasedrendering\x64\release\qbgeometrictransform.obj
c:\github\aalekhm\raytracing\rt_qbray\rt_qbray_ep26 - tilebasedrendering\x64\release\qbcamera.obj
c:\github\aalekhm\raytracing\rt_qbray\rt_qbray_ep26 - tilebasedrendering\x64\release\main.obj
c:\github\aalekhm\raytracing\rt_qbray\rt_qbray_ep26 - tilebasedrendering\x64\release\capp.obj
c:\github\aalekhm\raytracing\rt_qbray\rt_qbray_ep26 - tilebasedrendering\x64\release\qbmarbletexture.obj
c:\github\aalekhm\raytracing\rt_qbray\rt_qbray_ep26 - tilebasedrendering\x64\release\qbimagetexture.obj
c:\github\aalekhm\raytracing\rt_qbray\rt_qbray_ep26 - tilebasedrendering\x64\release\qbgradienttexture.obj
c:\github\aalekhm\raytracing\rt_qbray\rt_qbray_ep26 - tilebasedrendering\x64\release\qbflattexture.obj
c:\github\aalekhm\raytracing\rt_qbray\rt_qbray_ep26 - tilebasedrendering\x64\release\qbcolourmap.obj
c:\github\aalekhm\raytracing\rt_qbray\rt_qbray_ep26 - tilebasedrendering\x64\release\qbcheckeredtexture.obj
c:\github\aalekhm\raytracing\rt_qbray\rt_qbray_ep26 - tilebasedrendering\x64\release\qbbasicvaluenoisetexture.obj
c:\github\aalekhm\raytracing\rt_qbray\rt_qbray_ep26 - tilebasedrendering\x64\release\qbbasicgradientnoisetexture.obj
c:\github\aalekhm\raytracing\rt_qbray\rt_qbray_ep26 - tilebasedrendering\x64\release\qbscene.obj
c:\github\aalekhm\raytracing\rt_qbray\rt_qbray_ep26 - tilebasedrendering\x64\release\qbsdffunc.obj
c:\github\aalekhm\raytracing\rt_qbray\rt_qbray_ep26 - tilebasedrendering\x64\release\qbrmtorus.obj
c:\github\aalekhm\raytracing\rt_qbray\rt_qbray_ep26 - tilebasedrendering\x64\release\qbrmsphere.obj
c:\github\aalekhm\raytracing\rt_qbray\rt_qbray_ep26 - tilebasedrendering\x64\release\qbrmcube.obj
c:\github\aalekhm\raytracing\rt_qbray\rt_qbray_ep26 - tilebasedrendering\x64\release\qbraymarchbase.obj
c:\github\aalekhm\raytracing\rt_qbray\rt_qbray_ep26 - tilebasedrendering\x64\release\qbray.obj
c:\github\aalekhm\raytracing\rt_qbray\rt_qbray_ep26 - tilebasedrendering\x64\release\qbobjectsphere.obj
c:\github\aalekhm\raytracing\rt_qbray\rt_qbray_ep26 - tilebasedrendering\x64\release\qbobjectplane.obj
c:\github\aalekhm\raytracing\rt_qbray\rt_qbray_ep26 - tilebasedrendering\x64\release\qbobjectbase.obj
c:\github\aalekhm\raytracing\rt_qbray\rt_qbray_ep26 - tilebasedrendering\x64\release\qbcylinder.obj
c:\github\aalekhm\raytracing\rt_qbray\rt_qbray_ep26 - tilebasedrendering\x64\release\qbcone.obj
c:\github\aalekhm\raytracing\rt_qbray\rt_qbray_ep26 - tilebasedrendering\x64\release\qbutils.obj
c:\github\aalekhm\raytracing\rt_qbray\rt_qbray_ep26 - tilebasedrendering\x64\release\qbtimer.obj
c:\github\aalekhm\raytracing\rt_qbray\rt_qbray_ep26 - tilebasedrendering\x64\release\qbtexturebase.obj
c:\github\aalekhm\raytracing\rt_qbray\rt_qbray_ep26 - tilebasedrendering\x64\release\qbstonetexture.obj
c:\github\aalekhm\raytracing\rt_qbray\x64\release\rt_qbray_ep26 - tilebasedrendering.exe
c:\github\aalekhm\raytracing\rt_qbray\rt_qbray_ep26 - tilebasedrendering\x64\release\rt_qbray_ep26 - tilebasedrendering.ipdb
c:\github\aalekhm\raytracing\rt_qbray\rt_qbray_ep26 - tilebasedrendering\x64\release\rt_qbray_ep26 - tilebasedrendering.iobj
c:\github\aalekhm\raytracing\rt_qbray\x64\release\rt_qbray_ep26 - tilebasedrendering.pdb
c:\github\aalekhm\raytracing\rt_qbray\rt_qbray_ep26 - tilebasedrendering\x64\release\rt_qbray.e3f18062.tlog\cl.command.1.tlog
c:\github\aalekhm\raytracing\rt_qbray\rt_qbray_ep26 - tilebasedrendering\x64\release\rt_qbray.e3f18062.tlog\cl.read.1.tlog
c:\github\aalekhm\raytracing\rt_qbray\rt_qbray_ep26 - tilebasedrendering\x64\release\rt_qbray.e3f18062.tlog\cl.write.1.tlog
c:\github\aalekhm\raytracing\rt_qbray\rt_qbray_ep26 - tilebasedrendering\x64\release\rt_qbray.e3f18062.tlog\link.command.1.tlog
c:\github\aalekhm\raytracing\rt_qbray\rt_qbray_ep26 - tilebasedrendering\x64\release\rt_qbray.e3f18062.tlog\link.read.1.tlog
c:\github\aalekhm\raytracing\rt_qbray\rt_qbray_ep26 - tilebasedrendering\x64\release\rt_qbray.e3f18062.tlog\link.write.1.tlog
